[21:00:16] [main/WARN]: Ambiguity between arguments [teleport, destination] and [teleport, targets] with inputs: [Player, 0123, @e, dd12be42-52a9-4a91-a8a1-11c01849e498]
[21:00:16] [main/WARN]: Ambiguity between arguments [teleport, location] and [teleport, destination] with inputs: [0.1 -0.5 .9, 0 0 0]
[21:00:16] [main/WARN]: Ambiguity between arguments [teleport, location] and [teleport, targets] with inputs: [0.1 -0.5 .9, 0 0 0]
[21:00:16] [main/WARN]: Ambiguity between arguments [teleport, targets] and [teleport, destination] with inputs: [Player, 0123, dd12be42-52a9-4a91-a8a1-11c01849e498]
[21:00:16] [main/WARN]: Ambiguity between arguments [teleport, targets, location] and [teleport, targets, destination] with inputs: [0.1 -0.5 .9, 0 0 0]
[21:00:16] [main/INFO]: Reloading ResourceManager: Default
[21:00:18] [Worker-Main-10/INFO]: Loaded 7 recipes
[21:00:18] [Worker-Main-10/INFO]: Loaded 927 advancements
[21:00:20] [Server thread/INFO]: Starting minecraft server version 1.16.3
[21:00:20] [Server thread/INFO]: Loading properties
[21:00:20] [Server thread/INFO]: Default game type: SURVIVAL
[21:00:20] [Server thread/INFO]: Generating keypair
[21:00:21] [Server thread/INFO]: Starting Minecraft server on *:25565
[21:00:21] [Server thread/INFO]: Using default channel type
[21:00:24] [Server thread/INFO]: Preparing level "world"
[21:00:25] [Server thread/INFO]: Preparing start region for dimension minecraft:overworld
[21:00:26] [Server thread/INFO]: Preparing spawn area: 0%
[21:00:26] [Server thread/INFO]: Preparing spawn area: 0%
[21:00:26] [Server thread/INFO]: Preparing spawn area: 0%
[21:00:26] [Server thread/INFO]: Preparing spawn area: 0%
[21:00:27] [Server thread/INFO]: Preparing spawn area: 0%
[21:00:29] [Server thread/INFO]: Time elapsed: 3940 ms
[21:00:29] [Server thread/INFO]: Done (4.163s)! For help, type "help"
[21:10:09] [Server thread/INFO]: Stopping the server
[21:10:09] [Server thread/INFO]: Stopping server
[21:10:09] [Server thread/INFO]: Saving players
[21:10:09] [Server thread/INFO]: Saving worlds
[21:10:09] [Server thread/INFO]: Saving chunks for level 'ServerLevel[world]'/minecraft:overworld
[21:10:09] [Server thread/INFO]: ThreadedAnvilChunkStorage (world): All chunks are saved
[21:10:09] [Server thread/INFO]: Saving chunks for level 'ServerLevel[world]'/minecraft:the_nether
[21:10:09] [Server thread/INFO]: ThreadedAnvilChunkStorage (DIM-1): All chunks are saved
[21:10:09] [Server thread/INFO]: Saving chunks for level 'ServerLevel[world]'/minecraft:the_end
[21:10:09] [Server thread/INFO]: ThreadedAnvilChunkStorage (DIM1): All chunks are saved
[21:10:09] [Server thread/INFO]: ThreadedAnvilChunkStorage (world): All chunks are saved
[21:10:09] [Server thread/INFO]: ThreadedAnvilChunkStorage (DIM-1): All chunks are saved
[21:10:09] [Server thread/INFO]: ThreadedAnvilChunkStorage (DIM1): All chunks are saved
